[-1739932948268719104.000s] [34mcolcon[0m [1;30mDEBUG[0m [32mCommand line arguments: ['C:\\Users\\nhkje\\AppData\\Local\\Programs\\Python\\Python313\\Scripts\\colcon', 'build', '--symlink-install'][0m
[-1739932948268719104.000s] [34mcolcon[0m [1;30mDEBUG[0m [32mParsed command line arguments: Namespace(log_base=None, log_level=None, verb_name='build', build_base='build', install_base='install', merge_install=False, symlink_install=True, test_result_base=None, continue_on_error=False, executor='parallel', parallel_workers=8, event_handlers=None, ignore_user_meta=False, metas=['./colcon.meta'], base_paths=['.'], packages_ignore=None, packages_ignore_regex=None, paths=None, packages_up_to=None, packages_up_to_regex=None, packages_above=None, packages_above_and_dependencies=None, packages_above_depth=None, packages_select_by_dep=None, packages_skip_by_dep=None, packages_skip_up_to=None, packages_select_build_failed=False, packages_skip_build_finished=False, packages_select_test_failures=False, packages_skip_test_passed=False, packages_select=None, packages_skip=None, packages_select_regex=None, packages_skip_regex=None, packages_start=None, packages_end=None, cmake_args=None, cmake_target=None, cmake_target_skip_unavailable=False, cmake_clean_cache=False, cmake_clean_first=False, cmake_force_configure=False, ament_cmake_args=None, catkin_cmake_args=None, catkin_skip_building_tests=False, verb_parser=<colcon_defaults.argument_parser.defaults.DefaultArgumentsDecorator object at 0x0000024087CAD090>, verb_extension=<colcon_core.verb.build.BuildVerb object at 0x0000024087BC3770>, main=<bound method BuildVerb.main of <colcon_core.verb.build.BuildVerb object at 0x0000024087BC3770>>)[0m
[-1739932948268719104.000s] [34mcolcon.colcon_core.package_discovery[0m [1;30mLevel 1[0m discover_packages(colcon_meta) check parameters
[-1739932948268719104.000s] [34mcolcon.colcon_core.package_discovery[0m [1;30mLevel 1[0m discover_packages(recursive) check parameters
[-1739932948268719104.000s] [34mcolcon.colcon_core.package_discovery[0m [1;30mLevel 1[0m discover_packages(ignore) check parameters
[-1739932948268719104.000s] [34mcolcon.colcon_core.package_discovery[0m [1;30mLevel 1[0m discover_packages(path) check parameters
[-1739932948268719104.000s] [34mcolcon.colcon_core.package_discovery[0m [1;30mLevel 1[0m discover_packages(colcon_meta) discover
[-1739932948268719104.000s] [34mcolcon.colcon_core.package_discovery[0m [1;30mLevel 1[0m discover_packages(recursive) discover
[-1739932948268719104.000s] [34mcolcon.colcon_core.package_discovery[0m [1;30mINFO[0m Crawling recursively for packages in 'C:\Users\nhkje\EGH400\ROS1 ROS2 comparison\ROS2-localisation_aruco_marker'
[-1739932948268719104.000s] [34mcolcon.colcon_core.package_identification[0m [1;30mLevel 1[0m _identify(.) by extensions ['ignore', 'ignore_ament_install']
[-1739932948268719104.000s] [34mcolcon.colcon_core.package_identification[0m [1;30mLevel 1[0m _identify(.) by extension 'ignore'
[-1739932948268719104.000s] [34mcolcon.colcon_core.package_identification[0m [1;30mLevel 1[0m _identify(.) by extension 'ignore_ament_install'
[-1739932948268719104.000s] [34mcolcon.colcon_core.package_identification[0m [1;30mLevel 1[0m _identify(.) by extensions ['colcon_pkg']
[-1739932948268719104.000s] [34mcolcon.colcon_core.package_identification[0m [1;30mLevel 1[0m _identify(.) by extension 'colcon_pkg'
[-1739932948268719104.000s] [34mcolcon.colcon_core.package_identification[0m [1;30mLevel 1[0m _identify(.) by extensions ['colcon_meta']
[-1739932948268719104.000s] [34mcolcon.colcon_core.package_identification[0m [1;30mLevel 1[0m _identify(.) by extension 'colcon_meta'
[-1739932948268719104.000s] [34mcolcon.colcon_core.package_identification[0m [1;30mLevel 1[0m _identify(.) by extensions ['ros']
[-1739932948268719104.000s] [34mcolcon.colcon_core.package_identification[0m [1;30mLevel 1[0m _identify(.) by extension 'ros'
[-1739932948268719104.000s] [34mcolcon.colcon_core.package_identification[0m [1;30mDEBUG[0m [32mPackage '.' with type 'ros.ament_cmake' and name 'localisation_aruco_marker'[0m
[-1739932948268719104.000s] [34mcolcon.colcon_core.package_discovery[0m [1;30mLevel 1[0m discover_packages(recursive) using defaults
[-1739932948268719104.000s] [34mcolcon.colcon_core.package_discovery[0m [1;30mLevel 1[0m discover_packages(ignore) discover
[-1739932948268719104.000s] [34mcolcon.colcon_core.package_discovery[0m [1;30mLevel 1[0m discover_packages(ignore) using defaults
[-1739932948268719104.000s] [34mcolcon.colcon_core.package_discovery[0m [1;30mLevel 1[0m discover_packages(path) discover
[-1739932948268719104.000s] [34mcolcon.colcon_core.package_discovery[0m [1;30mLevel 1[0m discover_packages(path) using defaults
[-1739932948268719104.000s] [34mcolcon.colcon_core.verb[0m [1;30mLevel 5[0m set package 'localisation_aruco_marker' build argument 'cmake_args' from command line to 'None'
[-1739932948268719104.000s] [34mcolcon.colcon_core.verb[0m [1;30mLevel 5[0m set package 'localisation_aruco_marker' build argument 'cmake_target' from command line to 'None'
[-1739932948268719104.000s] [34mcolcon.colcon_core.verb[0m [1;30mLevel 5[0m set package 'localisation_aruco_marker' build argument 'cmake_target_skip_unavailable' from command line to 'False'
[-1739932948268719104.000s] [34mcolcon.colcon_core.verb[0m [1;30mLevel 5[0m set package 'localisation_aruco_marker' build argument 'cmake_clean_cache' from command line to 'False'
[-1739932948268719104.000s] [34mcolcon.colcon_core.verb[0m [1;30mLevel 5[0m set package 'localisation_aruco_marker' build argument 'cmake_clean_first' from command line to 'False'
[-1739932948268719104.000s] [34mcolcon.colcon_core.verb[0m [1;30mLevel 5[0m set package 'localisation_aruco_marker' build argument 'cmake_force_configure' from command line to 'False'
[-1739932948268719104.000s] [34mcolcon.colcon_core.verb[0m [1;30mLevel 5[0m set package 'localisation_aruco_marker' build argument 'ament_cmake_args' from command line to 'None'
[-1739932948268719104.000s] [34mcolcon.colcon_core.verb[0m [1;30mLevel 5[0m set package 'localisation_aruco_marker' build argument 'catkin_cmake_args' from command line to 'None'
[-1739932948268719104.000s] [34mcolcon.colcon_core.verb[0m [1;30mLevel 5[0m set package 'localisation_aruco_marker' build argument 'catkin_skip_building_tests' from command line to 'False'
[-1739932948268719104.000s] [34mcolcon.colcon_core.verb[0m [1;30mDEBUG[0m [32mBuilding package 'localisation_aruco_marker' with the following arguments: {'ament_cmake_args': None, 'build_base': 'C:\\Users\\nhkje\\EGH400\\ROS1 ROS2 comparison\\ROS2-localisation_aruco_marker\\build\\localisation_aruco_marker', 'catkin_cmake_args': None, 'catkin_skip_building_tests': False, 'cmake_args': None, 'cmake_clean_cache': False, 'cmake_clean_first': False, 'cmake_force_configure': False, 'cmake_target': None, 'cmake_target_skip_unavailable': False, 'install_base': 'C:\\Users\\nhkje\\EGH400\\ROS1 ROS2 comparison\\ROS2-localisation_aruco_marker\\install\\localisation_aruco_marker', 'merge_install': False, 'path': 'C:\\Users\\nhkje\\EGH400\\ROS1 ROS2 comparison\\ROS2-localisation_aruco_marker', 'symlink_install': True, 'test_result_base': None}[0m
[-1739932948268719104.000s] [34mcolcon.colcon_core.executor[0m [1;30mINFO[0m Executing jobs using 'parallel' executor
[-1739932948268719104.000s] [34mcolcon.colcon_parallel_executor.executor.parallel[0m [1;30mDEBUG[0m [32mrun_until_complete[0m
[-1739932948268719104.000s] [34mcolcon.colcon_ros.task.ament_cmake.build[0m [1;30mINFO[0m Building ROS package in 'C:\Users\nhkje\EGH400\ROS1 ROS2 comparison\ROS2-localisation_aruco_marker' with build type 'ament_cmake'
[-1739932948268719104.000s] [34mcolcon.colcon_cmake.task.cmake.build[0m [1;30mINFO[0m Building CMake package in 'C:\Users\nhkje\EGH400\ROS1 ROS2 comparison\ROS2-localisation_aruco_marker'
[-1739932948268719104.000s] [34mcolcon.colcon_core.plugin_system[0m [1;30mINFO[0m Skipping extension 'colcon_core.shell.sh': Not used on Windows systems
[-1739932948268719104.000s] [34mcolcon.colcon_core.shell[0m [1;30mINFO[0m Skip shell extension 'powershell' for command environment: Not usable outside of PowerShell
[-1739932948268719104.000s] [34mcolcon.colcon_parallel_executor.executor.parallel[0m [1;30mDEBUG[0m [32mclosing loop[0m
[-1739932948268719104.000s] [34mcolcon.colcon_parallel_executor.executor.parallel[0m [1;30mDEBUG[0m [32mloop closed[0m
[-1739932948268719104.000s] [34mcolcon.colcon_parallel_executor.executor.parallel[0m [1;30mDEBUG[0m [32mrun_until_complete finished with 'VisualStudioVersion is not set, please run within a Visual Studio Command Prompt.'[0m
[-1739932948268719104.000s] [34mcolcon.colcon_core.event_reactor[0m [1;30mDEBUG[0m [32mjoining thread[0m
[-1739932948268719104.000s] [34mcolcon.colcon_core.plugin_system[0m [1;30mINFO[0m Skipping extension 'colcon_notification.desktop_notification.notify2': 'notify2' not found
[-1739932948268719104.000s] [34mcolcon.colcon_core.plugin_system[0m [1;30mINFO[0m Skipping extension 'colcon_notification.desktop_notification.notify_send': Not used on non-Linux systems
[-1739932948268719104.000s] [34mcolcon.colcon_core.plugin_system[0m [1;30mINFO[0m Skipping extension 'colcon_notification.desktop_notification.terminal_notifier': Not used on non-Darwin systems
[-1739932948268719104.000s] [34mcolcon.colcon_notification.desktop_notification[0m [1;30mINFO[0m Sending desktop notification using 'win32'
[-1739932948268719104.000s] [34mcolcon.colcon_core.event_reactor[0m [1;30mDEBUG[0m [32mjoined thread[0m
[-1739932948268719104.000s] [34mcolcon.colcon_core.shell[0m [1;30mINFO[0m Creating prefix script 'C:\Users\nhkje\EGH400\ROS1 ROS2 comparison\ROS2-localisation_aruco_marker\install\local_setup.ps1'
[-1739932948268719104.000s] [34mcolcon.colcon_core.shell[0m [1;30mINFO[0m Creating prefix util module 'C:\Users\nhkje\EGH400\ROS1 ROS2 comparison\ROS2-localisation_aruco_marker\install\_local_setup_util_ps1.py'
[-1739932948268719104.000s] [34mcolcon.colcon_core.shell[0m [1;30mINFO[0m Creating prefix chain script 'C:\Users\nhkje\EGH400\ROS1 ROS2 comparison\ROS2-localisation_aruco_marker\install\setup.ps1'
[-1739932948268719104.000s] [34mcolcon.colcon_core.shell[0m [1;30mINFO[0m Creating prefix script 'C:\Users\nhkje\EGH400\ROS1 ROS2 comparison\ROS2-localisation_aruco_marker\install\local_setup.bat'
[-1739932948268719104.000s] [34mcolcon.colcon_core.shell[0m [1;30mINFO[0m Creating prefix util module 'C:\Users\nhkje\EGH400\ROS1 ROS2 comparison\ROS2-localisation_aruco_marker\install\_local_setup_util_bat.py'
[-1739932948268719104.000s] [34mcolcon.colcon_core.shell[0m [1;30mINFO[0m Creating prefix chain script 'C:\Users\nhkje\EGH400\ROS1 ROS2 comparison\ROS2-localisation_aruco_marker\install\setup.bat'
